{"timestamp":"2024-12-31T14:22:02.585+02:00","message":"HV000001: Hibernate Validator 8.0.2.Final","logger_name":"org.hibernate.validator.internal.util.Version","level":"INFO","level_value":20000}
{"timestamp":"2024-12-31T14:22:02.692+02:00","message":"Starting KihelpBackApplication using Java 17.0.12 with PID 61277 (/Users/a1/IdeaProjects/Kihelp_back/target/classes started by a1 in /Users/a1/IdeaProjects/Kihelp_back)","logger_name":"org.example.kihelp_back.KihelpBackApplication","level":"INFO","level_value":20000}
{"timestamp":"2024-12-31T14:22:02.694+02:00","message":"No active profile set, falling back to 1 default profile: \"default\"","logger_name":"org.example.kihelp_back.KihelpBackApplication","level":"INFO","level_value":20000}
{"timestamp":"2024-12-31T14:22:03.905+02:00","message":"Bootstrapping Spring Data JPA repositories in DEFAULT mode.","logger_name":"org.springframework.data.repository.config.RepositoryConfigurationDelegate","level":"INFO","level_value":20000}
{"timestamp":"2024-12-31T14:22:03.971+02:00","message":"Finished Spring Data repository scanning in 58 ms. Found 9 JPA repository interfaces.","logger_name":"org.springframework.data.repository.config.RepositoryConfigurationDelegate","level":"INFO","level_value":20000}
{"timestamp":"2024-12-31T14:22:06.425+02:00","message":"Tomcat initialized with port 8082 (http)","logger_name":"org.springframework.boot.web.embedded.tomcat.TomcatWebServer","level":"INFO","level_value":20000}
{"timestamp":"2024-12-31T14:22:06.453+02:00","message":"Initializing ProtocolHandler [\"http-nio-8082\"]","logger_name":"org.apache.coyote.http11.Http11NioProtocol","level":"INFO","level_value":20000}
{"timestamp":"2024-12-31T14:22:06.455+02:00","message":"Starting service [Tomcat]","logger_name":"org.apache.catalina.core.StandardService","level":"INFO","level_value":20000}
{"timestamp":"2024-12-31T14:22:06.456+02:00","message":"Starting Servlet engine: [Apache Tomcat/10.1.34]","logger_name":"org.apache.catalina.core.StandardEngine","level":"INFO","level_value":20000}
{"timestamp":"2024-12-31T14:22:06.674+02:00","message":"Initializing Spring embedded WebApplicationContext","logger_name":"org.apache.catalina.core.ContainerBase.[Tomcat].[localhost].[/]","level":"INFO","level_value":20000}
{"timestamp":"2024-12-31T14:22:06.675+02:00","message":"Root WebApplicationContext: initialization completed in 3903 ms","logger_name":"org.springframework.boot.web.servlet.context.ServletWebServerApplicationContext","level":"INFO","level_value":20000}
{"timestamp":"2024-12-31T14:22:07.749+02:00","message":"HHH000204: Processing PersistenceUnitInfo [name: default]","logger_name":"org.hibernate.jpa.internal.util.LogHelper","level":"INFO","level_value":20000}
{"timestamp":"2024-12-31T14:22:07.818+02:00","message":"HHH000412: Hibernate ORM core version 6.6.4.Final","logger_name":"org.hibernate.Version","level":"INFO","level_value":20000}
{"timestamp":"2024-12-31T14:22:07.845+02:00","message":"HHH000026: Second-level cache disabled","logger_name":"org.hibernate.cache.internal.RegionFactoryInitiator","level":"INFO","level_value":20000}
{"timestamp":"2024-12-31T14:22:08.083+02:00","message":"No LoadTimeWeaver setup: ignoring JPA class transformer","logger_name":"org.springframework.orm.jpa.persistenceunit.SpringPersistenceUnitInfo","level":"INFO","level_value":20000}
{"timestamp":"2024-12-31T14:22:08.104+02:00","message":"HikariPool-1 - Starting...","logger_name":"com.zaxxer.hikari.HikariDataSource","level":"INFO","level_value":20000}
{"timestamp":"2024-12-31T14:22:08.244+02:00","message":"HikariPool-1 - Added connection org.postgresql.jdbc.PgConnection@4797023d","logger_name":"com.zaxxer.hikari.pool.HikariPool","level":"INFO","level_value":20000}
{"timestamp":"2024-12-31T14:22:08.245+02:00","message":"HikariPool-1 - Start completed.","logger_name":"com.zaxxer.hikari.HikariDataSource","level":"INFO","level_value":20000}
{"timestamp":"2024-12-31T14:22:08.305+02:00","message":"HHH10001005: Database info:\n\tDatabase JDBC URL [Connecting through datasource 'HikariDataSource (HikariPool-1)']\n\tDatabase driver: undefined/unknown\n\tDatabase version: 17.2\n\tAutocommit mode: undefined/unknown\n\tIsolation level: undefined/unknown\n\tMinimum pool size: undefined/unknown\n\tMaximum pool size: undefined/unknown","logger_name":"org.hibernate.orm.connections.pooling","level":"INFO","level_value":20000}
{"timestamp":"2024-12-31T14:22:09.034+02:00","message":"HHH000489: No JTA platform available (set 'hibernate.transaction.jta.platform' to enable JTA platform integration)","logger_name":"org.hibernate.engine.transaction.jta.platform.internal.JtaPlatformInitiator","level":"INFO","level_value":20000}
{"timestamp":"2024-12-31T14:22:09.303+02:00","message":"Initialized JPA EntityManagerFactory for persistence unit 'default'","logger_name":"org.springframework.orm.jpa.LocalContainerEntityManagerFactoryBean","level":"INFO","level_value":20000}
{"timestamp":"2024-12-31T14:22:09.902+02:00","message":"Hibernate is in classpath; If applicable, HQL parser will be used.","logger_name":"org.springframework.data.jpa.repository.query.QueryEnhancerFactory","level":"INFO","level_value":20000}
{"timestamp":"2024-12-31T14:22:11.042+02:00","message":"Global AuthenticationManager configured with AuthenticationProvider bean with name authenticationProvider","logger_name":"org.springframework.security.config.annotation.authentication.configuration.InitializeAuthenticationProviderBeanManagerConfigurer$InitializeAuthenticationProviderManagerConfigurer","level":"INFO","level_value":20000}
{"timestamp":"2024-12-31T14:22:11.043+02:00","message":"Global AuthenticationManager configured with an AuthenticationProvider bean. UserDetailsService beans will not be used by Spring Security for automatically configuring username/password login. Consider removing the AuthenticationProvider bean. Alternatively, consider using the UserDetailsService in a manually instantiated DaoAuthenticationProvider. If the current configuration is intentional, to turn off this warning, increase the logging level of 'org.springframework.security.config.annotation.authentication.configuration.InitializeUserDetailsBeanManagerConfigurer' to ERROR","logger_name":"org.springframework.security.config.annotation.authentication.configuration.InitializeUserDetailsBeanManagerConfigurer$InitializeUserDetailsManagerConfigurer","level":"WARN","level_value":30000}
{"timestamp":"2024-12-31T14:22:11.119+02:00","message":"spring.jpa.open-in-view is enabled by default. Therefore, database queries may be performed during view rendering. Explicitly configure spring.jpa.open-in-view to disable this warning","logger_name":"org.springframework.boot.autoconfigure.orm.jpa.JpaBaseConfiguration$JpaWebConfiguration","level":"WARN","level_value":30000}
{"timestamp":"2024-12-31T14:22:11.775+02:00","message":"Exposing 2 endpoints beneath base path '/actuator'","logger_name":"org.springframework.boot.actuate.endpoint.web.EndpointLinksResolver","level":"INFO","level_value":20000}
{"timestamp":"2024-12-31T14:22:12.592+02:00","message":"Starting ProtocolHandler [\"http-nio-8082\"]","logger_name":"org.apache.coyote.http11.Http11NioProtocol","level":"INFO","level_value":20000}
{"timestamp":"2024-12-31T14:22:12.607+02:00","message":"Tomcat started on port 8082 (http) with context path '/'","logger_name":"org.springframework.boot.web.embedded.tomcat.TomcatWebServer","level":"INFO","level_value":20000}
{"timestamp":"2024-12-31T14:22:12.624+02:00","message":"Started KihelpBackApplication in 11.147 seconds (process running for 12.112)","logger_name":"org.example.kihelp_back.KihelpBackApplication","level":"INFO","level_value":20000}
{"timestamp":"2024-12-31T14:22:12.962+02:00","message":"Initializing Spring DispatcherServlet 'dispatcherServlet'","logger_name":"org.apache.catalina.core.ContainerBase.[Tomcat].[localhost].[/]","level":"INFO","level_value":20000}
{"timestamp":"2024-12-31T14:22:12.962+02:00","message":"Initializing Servlet 'dispatcherServlet'","logger_name":"org.springframework.web.servlet.DispatcherServlet","level":"INFO","level_value":20000}
{"timestamp":"2024-12-31T14:22:12.964+02:00","message":"Completed initialization in 2 ms","logger_name":"org.springframework.web.servlet.DispatcherServlet","level":"INFO","level_value":20000}
{"timestamp":"2024-12-31T14:22:46.509+02:00","message":"Request: IP: 0:0:0:0:0:0:0:1, URL: http://localhost:8082/api/v1/user/auth, HTTP_METHOD: POST, CONTROLLER_METHOD: class org.example.kihelp_back.user.controller.UserController.authUser","logger_name":"org.example.kihelp_back.global.aspect.LoggingAspect","level":"INFO","level_value":20000}
{"timestamp":"2024-12-31T14:22:46.51+02:00","message":"Run usecase: UseCase_method: org.example.kihelp_back.user.usecase.impl.UserCreateUseCaseFacade.authUser. Method arguments: [{id=1176171881, username=ehoruzart}]","logger_name":"org.example.kihelp_back.global.aspect.LoggingAspect","level":"INFO","level_value":20000}
{"timestamp":"2024-12-31T14:22:46.513+02:00","message":"Attempting to find role with name ROLE_USER","logger_name":"org.example.kihelp_back.user.service.RoleService","level":"INFO","level_value":20000}
{"timestamp":"2024-12-31T14:22:46.793+02:00","message":"Attempting to check if user with Telegram ID: 1176171881 exists if not then create.","logger_name":"org.example.kihelp_back.user.service.UserService","level":"INFO","level_value":20000}
{"timestamp":"2024-12-31T14:22:46.793+02:00","message":"Attempting to find user by Telegram ID: 1176171881","logger_name":"org.example.kihelp_back.user.service.UserService","level":"INFO","level_value":20000}
{"timestamp":"2024-12-31T14:22:46.806+02:00","message":"Successfully saved user with Telegram ID: 1176171881","logger_name":"org.example.kihelp_back.user.service.UserService","level":"INFO","level_value":20000}
{"timestamp":"2024-12-31T14:22:46.815+02:00","message":"Authenticated user with Telegram ID: 1176171881","logger_name":"org.example.kihelp_back.user.usecase.impl.UserCreateUseCaseFacade","level":"INFO","level_value":20000}
{"timestamp":"2024-12-31T14:22:46.964+02:00","message":"Attempting to load user by Telegram ID: 1176171881","logger_name":"org.example.kihelp_back.user.service.UserService","level":"INFO","level_value":20000}
{"timestamp":"2024-12-31T14:22:46.964+02:00","message":"Attempting to find user by Telegram ID: 1176171881","logger_name":"org.example.kihelp_back.user.service.UserService","level":"INFO","level_value":20000}
{"timestamp":"2024-12-31T14:22:46.967+02:00","message":"Successfully loaded user with Telegram ID: 1176171881","logger_name":"org.example.kihelp_back.user.service.UserService","level":"INFO","level_value":20000}
{"timestamp":"2024-12-31T14:22:47.126+02:00","message":"Loading user details for Telegram ID: 1176171881","logger_name":"org.example.kihelp_back.user.usecase.impl.UserCreateUseCaseFacade","level":"INFO","level_value":20000}
{"timestamp":"2024-12-31T14:22:47.127+02:00","message":"Attempting to load user by Telegram ID: 1176171881","logger_name":"org.example.kihelp_back.user.service.UserService","level":"INFO","level_value":20000}
{"timestamp":"2024-12-31T14:22:47.127+02:00","message":"Attempting to find user by Telegram ID: 1176171881","logger_name":"org.example.kihelp_back.user.service.UserService","level":"INFO","level_value":20000}
{"timestamp":"2024-12-31T14:22:47.129+02:00","message":"Successfully loaded user with Telegram ID: 1176171881","logger_name":"org.example.kihelp_back.user.service.UserService","level":"INFO","level_value":20000}
{"timestamp":"2024-12-31T14:22:47.182+02:00","message":"Successfully generated jwy token for user with Telegram ID: 1176171881","logger_name":"org.example.kihelp_back.user.usecase.impl.UserCreateUseCaseFacade","level":"INFO","level_value":20000}
{"timestamp":"2024-12-31T14:22:47.182+02:00","message":"Finished usecase: UseCase_method: org.example.kihelp_back.user.usecase.impl.UserCreateUseCaseFacade.authUser.","logger_name":"org.example.kihelp_back.global.aspect.LoggingAspect","level":"INFO","level_value":20000}
{"timestamp":"2024-12-31T14:22:47.183+02:00","message":"Execution method: org.example.kihelp_back.user.controller.UserController.authUser. Execution time: 675ms","logger_name":"org.example.kihelp_back.global.aspect.LoggingAspect","level":"INFO","level_value":20000}
{"timestamp":"2024-12-31T14:22:50.125+02:00","message":"Commencing graceful shutdown. Waiting for active requests to complete","logger_name":"org.springframework.boot.web.embedded.tomcat.GracefulShutdown","level":"INFO","level_value":20000}
{"timestamp":"2024-12-31T14:22:50.132+02:00","message":"Graceful shutdown complete","logger_name":"org.springframework.boot.web.embedded.tomcat.GracefulShutdown","level":"INFO","level_value":20000}
{"timestamp":"2024-12-31T14:22:50.141+02:00","message":"Closing JPA EntityManagerFactory for persistence unit 'default'","logger_name":"org.springframework.orm.jpa.LocalContainerEntityManagerFactoryBean","level":"INFO","level_value":20000}
{"timestamp":"2024-12-31T14:22:50.144+02:00","message":"HikariPool-1 - Shutdown initiated...","logger_name":"com.zaxxer.hikari.HikariDataSource","level":"INFO","level_value":20000}
{"timestamp":"2024-12-31T14:22:50.146+02:00","message":"HikariPool-1 - Shutdown completed.","logger_name":"com.zaxxer.hikari.HikariDataSource","level":"INFO","level_value":20000}
{"timestamp":"2024-12-31T14:23:08.28+02:00","message":"HV000001: Hibernate Validator 8.0.2.Final","logger_name":"org.hibernate.validator.internal.util.Version","level":"INFO","level_value":20000}
{"timestamp":"2024-12-31T14:23:08.315+02:00","message":"Starting KihelpBackApplication using Java 17.0.12 with PID 61321 (/Users/a1/IdeaProjects/Kihelp_back/target/classes started by a1 in /Users/a1/IdeaProjects/Kihelp_back)","logger_name":"org.example.kihelp_back.KihelpBackApplication","level":"INFO","level_value":20000}
{"timestamp":"2024-12-31T14:23:08.316+02:00","message":"No active profile set, falling back to 1 default profile: \"default\"","logger_name":"org.example.kihelp_back.KihelpBackApplication","level":"INFO","level_value":20000}
{"timestamp":"2024-12-31T14:23:09.125+02:00","message":"Bootstrapping Spring Data JPA repositories in DEFAULT mode.","logger_name":"org.springframework.data.repository.config.RepositoryConfigurationDelegate","level":"INFO","level_value":20000}
{"timestamp":"2024-12-31T14:23:09.185+02:00","message":"Finished Spring Data repository scanning in 53 ms. Found 9 JPA repository interfaces.","logger_name":"org.springframework.data.repository.config.RepositoryConfigurationDelegate","level":"INFO","level_value":20000}
{"timestamp":"2024-12-31T14:23:09.858+02:00","message":"Tomcat initialized with port 8082 (http)","logger_name":"org.springframework.boot.web.embedded.tomcat.TomcatWebServer","level":"INFO","level_value":20000}
{"timestamp":"2024-12-31T14:23:09.866+02:00","message":"Initializing ProtocolHandler [\"http-nio-8082\"]","logger_name":"org.apache.coyote.http11.Http11NioProtocol","level":"INFO","level_value":20000}
{"timestamp":"2024-12-31T14:23:09.867+02:00","message":"Starting service [Tomcat]","logger_name":"org.apache.catalina.core.StandardService","level":"INFO","level_value":20000}
{"timestamp":"2024-12-31T14:23:09.867+02:00","message":"Starting Servlet engine: [Apache Tomcat/10.1.34]","logger_name":"org.apache.catalina.core.StandardEngine","level":"INFO","level_value":20000}
{"timestamp":"2024-12-31T14:23:09.909+02:00","message":"Initializing Spring embedded WebApplicationContext","logger_name":"org.apache.catalina.core.ContainerBase.[Tomcat].[localhost].[/]","level":"INFO","level_value":20000}
{"timestamp":"2024-12-31T14:23:09.909+02:00","message":"Root WebApplicationContext: initialization completed in 1566 ms","logger_name":"org.springframework.boot.web.servlet.context.ServletWebServerApplicationContext","level":"INFO","level_value":20000}
{"timestamp":"2024-12-31T14:23:10.287+02:00","message":"HHH000204: Processing PersistenceUnitInfo [name: default]","logger_name":"org.hibernate.jpa.internal.util.LogHelper","level":"INFO","level_value":20000}
{"timestamp":"2024-12-31T14:23:10.326+02:00","message":"HHH000412: Hibernate ORM core version 6.6.4.Final","logger_name":"org.hibernate.Version","level":"INFO","level_value":20000}
{"timestamp":"2024-12-31T14:23:10.347+02:00","message":"HHH000026: Second-level cache disabled","logger_name":"org.hibernate.cache.internal.RegionFactoryInitiator","level":"INFO","level_value":20000}
{"timestamp":"2024-12-31T14:23:10.512+02:00","message":"No LoadTimeWeaver setup: ignoring JPA class transformer","logger_name":"org.springframework.orm.jpa.persistenceunit.SpringPersistenceUnitInfo","level":"INFO","level_value":20000}
{"timestamp":"2024-12-31T14:23:10.533+02:00","message":"HikariPool-1 - Starting...","logger_name":"com.zaxxer.hikari.HikariDataSource","level":"INFO","level_value":20000}
{"timestamp":"2024-12-31T14:23:10.637+02:00","message":"HikariPool-1 - Added connection org.postgresql.jdbc.PgConnection@2665a2e7","logger_name":"com.zaxxer.hikari.pool.HikariPool","level":"INFO","level_value":20000}
{"timestamp":"2024-12-31T14:23:10.638+02:00","message":"HikariPool-1 - Start completed.","logger_name":"com.zaxxer.hikari.HikariDataSource","level":"INFO","level_value":20000}
{"timestamp":"2024-12-31T14:23:10.687+02:00","message":"HHH10001005: Database info:\n\tDatabase JDBC URL [Connecting through datasource 'HikariDataSource (HikariPool-1)']\n\tDatabase driver: undefined/unknown\n\tDatabase version: 17.2\n\tAutocommit mode: undefined/unknown\n\tIsolation level: undefined/unknown\n\tMinimum pool size: undefined/unknown\n\tMaximum pool size: undefined/unknown","logger_name":"org.hibernate.orm.connections.pooling","level":"INFO","level_value":20000}
{"timestamp":"2024-12-31T14:23:11.46+02:00","message":"HHH000489: No JTA platform available (set 'hibernate.transaction.jta.platform' to enable JTA platform integration)","logger_name":"org.hibernate.engine.transaction.jta.platform.internal.JtaPlatformInitiator","level":"INFO","level_value":20000}
{"timestamp":"2024-12-31T14:23:11.635+02:00","message":"Initialized JPA EntityManagerFactory for persistence unit 'default'","logger_name":"org.springframework.orm.jpa.LocalContainerEntityManagerFactoryBean","level":"INFO","level_value":20000}
{"timestamp":"2024-12-31T14:23:12.131+02:00","message":"Hibernate is in classpath; If applicable, HQL parser will be used.","logger_name":"org.springframework.data.jpa.repository.query.QueryEnhancerFactory","level":"INFO","level_value":20000}
{"timestamp":"2024-12-31T14:23:13.197+02:00","message":"Global AuthenticationManager configured with AuthenticationProvider bean with name authenticationProvider","logger_name":"org.springframework.security.config.annotation.authentication.configuration.InitializeAuthenticationProviderBeanManagerConfigurer$InitializeAuthenticationProviderManagerConfigurer","level":"INFO","level_value":20000}
{"timestamp":"2024-12-31T14:23:13.198+02:00","message":"Global AuthenticationManager configured with an AuthenticationProvider bean. UserDetailsService beans will not be used by Spring Security for automatically configuring username/password login. Consider removing the AuthenticationProvider bean. Alternatively, consider using the UserDetailsService in a manually instantiated DaoAuthenticationProvider. If the current configuration is intentional, to turn off this warning, increase the logging level of 'org.springframework.security.config.annotation.authentication.configuration.InitializeUserDetailsBeanManagerConfigurer' to ERROR","logger_name":"org.springframework.security.config.annotation.authentication.configuration.InitializeUserDetailsBeanManagerConfigurer$InitializeUserDetailsManagerConfigurer","level":"WARN","level_value":30000}
{"timestamp":"2024-12-31T14:23:13.259+02:00","message":"spring.jpa.open-in-view is enabled by default. Therefore, database queries may be performed during view rendering. Explicitly configure spring.jpa.open-in-view to disable this warning","logger_name":"org.springframework.boot.autoconfigure.orm.jpa.JpaBaseConfiguration$JpaWebConfiguration","level":"WARN","level_value":30000}
{"timestamp":"2024-12-31T14:23:13.909+02:00","message":"Exposing 2 endpoints beneath base path '/actuator'","logger_name":"org.springframework.boot.actuate.endpoint.web.EndpointLinksResolver","level":"INFO","level_value":20000}
{"timestamp":"2024-12-31T14:23:14.715+02:00","message":"Starting ProtocolHandler [\"http-nio-8082\"]","logger_name":"org.apache.coyote.http11.Http11NioProtocol","level":"INFO","level_value":20000}
{"timestamp":"2024-12-31T14:23:14.728+02:00","message":"Tomcat started on port 8082 (http) with context path '/'","logger_name":"org.springframework.boot.web.embedded.tomcat.TomcatWebServer","level":"INFO","level_value":20000}
{"timestamp":"2024-12-31T14:23:14.745+02:00","message":"Started KihelpBackApplication in 7.266 seconds (process running for 7.912)","logger_name":"org.example.kihelp_back.KihelpBackApplication","level":"INFO","level_value":20000}
{"timestamp":"2024-12-31T14:23:15.162+02:00","message":"Initializing Spring DispatcherServlet 'dispatcherServlet'","logger_name":"org.apache.catalina.core.ContainerBase.[Tomcat].[localhost].[/]","level":"INFO","level_value":20000}
{"timestamp":"2024-12-31T14:23:15.163+02:00","message":"Initializing Servlet 'dispatcherServlet'","logger_name":"org.springframework.web.servlet.DispatcherServlet","level":"INFO","level_value":20000}
{"timestamp":"2024-12-31T14:23:15.166+02:00","message":"Completed initialization in 3 ms","logger_name":"org.springframework.web.servlet.DispatcherServlet","level":"INFO","level_value":20000}
{"timestamp":"2024-12-31T14:23:23.613+02:00","message":"Request: IP: 0:0:0:0:0:0:0:1, URL: http://localhost:8082/api/v1/user/auth, HTTP_METHOD: POST, CONTROLLER_METHOD: class org.example.kihelp_back.user.controller.UserController.authUser","logger_name":"org.example.kihelp_back.global.aspect.LoggingAspect","level":"INFO","level_value":20000}
{"timestamp":"2024-12-31T14:23:23.615+02:00","message":"Run usecase: UseCase_method: org.example.kihelp_back.user.usecase.impl.UserCreateUseCaseFacade.authUser. Method arguments: [{id=1176171881, username=ehoruzart}]","logger_name":"org.example.kihelp_back.global.aspect.LoggingAspect","level":"INFO","level_value":20000}
{"timestamp":"2024-12-31T14:23:23.617+02:00","message":"Attempting to find role with name ROLE_USER","logger_name":"org.example.kihelp_back.user.service.RoleService","level":"INFO","level_value":20000}
{"timestamp":"2024-12-31T14:23:23.899+02:00","message":"Attempting to check if user with Telegram ID: 1176171881 exists if not then create.","logger_name":"org.example.kihelp_back.user.service.UserService","level":"INFO","level_value":20000}
{"timestamp":"2024-12-31T14:23:23.899+02:00","message":"Attempting to find user by Telegram ID: 1176171881","logger_name":"org.example.kihelp_back.user.service.UserService","level":"INFO","level_value":20000}
{"timestamp":"2024-12-31T14:23:23.909+02:00","message":"Successfully saved user with Telegram ID: 1176171881","logger_name":"org.example.kihelp_back.user.service.UserService","level":"INFO","level_value":20000}
{"timestamp":"2024-12-31T14:23:23.917+02:00","message":"Authenticated user with Telegram ID: 1176171881","logger_name":"org.example.kihelp_back.user.usecase.impl.UserCreateUseCaseFacade","level":"INFO","level_value":20000}
{"timestamp":"2024-12-31T14:23:24.065+02:00","message":"Attempting to load user by Telegram ID: 1176171881","logger_name":"org.example.kihelp_back.user.service.UserService","level":"INFO","level_value":20000}
{"timestamp":"2024-12-31T14:23:24.066+02:00","message":"Attempting to find user by Telegram ID: 1176171881","logger_name":"org.example.kihelp_back.user.service.UserService","level":"INFO","level_value":20000}
{"timestamp":"2024-12-31T14:23:24.068+02:00","message":"Successfully loaded user with Telegram ID: 1176171881","logger_name":"org.example.kihelp_back.user.service.UserService","level":"INFO","level_value":20000}
{"timestamp":"2024-12-31T14:23:24.225+02:00","message":"Loading user details for Telegram ID: 1176171881","logger_name":"org.example.kihelp_back.user.usecase.impl.UserCreateUseCaseFacade","level":"INFO","level_value":20000}
{"timestamp":"2024-12-31T14:23:24.226+02:00","message":"Attempting to load user by Telegram ID: 1176171881","logger_name":"org.example.kihelp_back.user.service.UserService","level":"INFO","level_value":20000}
{"timestamp":"2024-12-31T14:23:24.226+02:00","message":"Attempting to find user by Telegram ID: 1176171881","logger_name":"org.example.kihelp_back.user.service.UserService","level":"INFO","level_value":20000}
{"timestamp":"2024-12-31T14:23:24.228+02:00","message":"Successfully loaded user with Telegram ID: 1176171881","logger_name":"org.example.kihelp_back.user.service.UserService","level":"INFO","level_value":20000}
{"timestamp":"2024-12-31T14:23:24.283+02:00","message":"Successfully generated jwy token for user with Telegram ID: 1176171881","logger_name":"org.example.kihelp_back.user.usecase.impl.UserCreateUseCaseFacade","level":"INFO","level_value":20000}
{"timestamp":"2024-12-31T14:23:24.284+02:00","message":"Finished usecase: UseCase_method: org.example.kihelp_back.user.usecase.impl.UserCreateUseCaseFacade.authUser.","logger_name":"org.example.kihelp_back.global.aspect.LoggingAspect","level":"INFO","level_value":20000}
{"timestamp":"2024-12-31T14:23:24.284+02:00","message":"Execution method: org.example.kihelp_back.user.controller.UserController.authUser. Execution time: 673ms","logger_name":"org.example.kihelp_back.global.aspect.LoggingAspect","level":"INFO","level_value":20000}
{"timestamp":"2024-12-31T14:25:05.946+02:00","message":"Attempting to fetch history for user with Telegram ID: 1176171881","logger_name":"org.example.kihelp_back.history.service.HistoryService","level":"INFO","level_value":20000}
{"timestamp":"2024-12-31T14:25:05.984+02:00","message":"Attempting to map History 0 to HistoryDto and return it","logger_name":"org.example.kihelp_back.history.usecase.impl.HistoryGetUseCaseFacade","level":"INFO","level_value":20000}
{"timestamp":"2024-12-31T14:25:08.421+02:00","message":"Attempting to fetch history for user with Telegram ID: 11761718811","logger_name":"org.example.kihelp_back.history.service.HistoryService","level":"INFO","level_value":20000}
{"timestamp":"2024-12-31T14:25:08.43+02:00","message":"Attempting to map History 0 to HistoryDto and return it","logger_name":"org.example.kihelp_back.history.usecase.impl.HistoryGetUseCaseFacade","level":"INFO","level_value":20000}
{"timestamp":"2024-12-31T14:25:16.076+02:00","message":"Commencing graceful shutdown. Waiting for active requests to complete","logger_name":"org.springframework.boot.web.embedded.tomcat.GracefulShutdown","level":"INFO","level_value":20000}
{"timestamp":"2024-12-31T14:25:16.087+02:00","message":"Graceful shutdown complete","logger_name":"org.springframework.boot.web.embedded.tomcat.GracefulShutdown","level":"INFO","level_value":20000}
{"timestamp":"2024-12-31T14:25:16.101+02:00","message":"Closing JPA EntityManagerFactory for persistence unit 'default'","logger_name":"org.springframework.orm.jpa.LocalContainerEntityManagerFactoryBean","level":"INFO","level_value":20000}
{"timestamp":"2024-12-31T14:25:16.105+02:00","message":"HikariPool-1 - Shutdown initiated...","logger_name":"com.zaxxer.hikari.HikariDataSource","level":"INFO","level_value":20000}
{"timestamp":"2024-12-31T14:25:16.112+02:00","message":"HikariPool-1 - Shutdown completed.","logger_name":"com.zaxxer.hikari.HikariDataSource","level":"INFO","level_value":20000}
